liblinphone-sdk/bin/outputs/logs/manifest-merger-debug-report.txt
-- Merging decision tree log ---
manifest
ADDED from BeautyMirror_IUV\liblinphone-sdk\AndroidManifestLibrary.xml:2:1-9:12
INJECTED from BeautyMirror_IUV\liblinphone-sdk\AndroidManifestLibrary.xml:2:1-9:12
INJECTED from BeautyMirror_IUV\liblinphone-sdk\AndroidManifestLibrary.xml:2:1-9:12
INJECTED from BeautyMirror_IUV\liblinphone-sdk\AndroidManifestLibrary.xml:2:1-9:12
INJECTED from BeautyMirror_IUV\liblinphone-sdk\AndroidManifestLibrary.xml:2:1-9:12
INJECTED from BeautyMirror_IUV\liblinphone-sdk\AndroidManifestLibrary.xml:2:1-9:12
INJECTED from BeautyMirror_IUV\liblinphone-sdk\AndroidManifestLibrary.xml:2:1-9:12
	package
		ADDED from BeautyMirror_IUV\liblinphone-sdk\AndroidManifestLibrary.xml:2:11-38
		INJECTED from BeautyMirror_IUV\liblinphone-sdk\AndroidManifestLibrary.xml
		INJECTED from BeautyMirror_IUV\liblinphone-sdk\AndroidManifestLibrary.xml
	android:versionName
		ADDED from BeautyMirror_IUV\liblinphone-sdk\AndroidManifestLibrary.xml:6:11-38
		INJECTED from BeautyMirror_IUV\liblinphone-sdk\AndroidManifestLibrary.xml
		INJECTED from BeautyMirror_IUV\liblinphone-sdk\AndroidManifestLibrary.xml
	xmlns:android
		ADDED from BeautyMirror_IUV\liblinphone-sdk\AndroidManifestLibrary.xml:3:11-69
	android:versionCode
		ADDED from BeautyMirror_IUV\liblinphone-sdk\AndroidManifestLibrary.xml:5:11-37
		INJECTED from BeautyMirror_IUV\liblinphone-sdk\AndroidManifestLibrary.xml
		INJECTED from BeautyMirror_IUV\liblinphone-sdk\AndroidManifestLibrary.xml
	android:installLocation
		ADDED from BeautyMirror_IUV\liblinphone-sdk\AndroidManifestLibrary.xml:4:11-41
uses-sdk
ADDED from BeautyMirror_IUV\liblinphone-sdk\AndroidManifestLibrary.xml:8:5-46
INJECTED from BeautyMirror_IUV\liblinphone-sdk\AndroidManifestLibrary.xml:8:5-46
INJECTED from BeautyMirror_IUV\liblinphone-sdk\AndroidManifestLibrary.xml:8:5-46
	android:targetSdkVersion
		ADDED from BeautyMirror_IUV\liblinphone-sdk\AndroidManifestLibrary.xml:8:15-44
	android:minSdkVersion
		INJECTED from BeautyMirror_IUV\liblinphone-sdk\AndroidManifestLibrary.xml
		ADDED from BeautyMirror_IUV\liblinphone-sdk\AndroidManifestLibrary.xml:8:5-46
		INJECTED from BeautyMirror_IUV\liblinphone-sdk\AndroidManifestLibrary.xml